<?xml version="1.0" encoding="UTF-8"?>
<testng-results ignored="0" total="1" passed="1" failed="0" skipped="0">
  <reporter-output>
  </reporter-output>
  <suite started-at="2022-08-12T19:03:34 IDT" name="Default suite" finished-at="2022-08-12T19:03:43 IDT" duration-ms="9614">
    <groups>
    </groups>
    <test started-at="2022-08-12T19:03:34 IDT" name="Default test" finished-at="2022-08-12T19:03:43 IDT" duration-ms="9614">
      <class name="tests.HomePage">
        <test-method is-config="true" signature="Setup()[pri:0, instance:tests.HomePage@2053d869]" started-at="2022-08-12T19:03:34 IDT" name="Setup" finished-at="2022-08-12T19:03:41 IDT" duration-ms="7282" status="PASS">
          <reporter-output>
          </reporter-output>
        </test-method> <!-- Setup -->
        <test-method signature="CheckingMenuLinks()[pri:0, instance:tests.HomePage@2053d869]" started-at="2022-08-12T19:03:41 IDT" name="CheckingMenuLinks" finished-at="2022-08-12T19:03:43 IDT" duration-ms="2310" status="PASS">
          <reporter-output>
          </reporter-output>
        </test-method> <!-- CheckingMenuLinks -->
        <test-method is-config="true" signature="AfterTest()[pri:0, instance:tests.HomePage@2053d869]" started-at="2022-08-12T19:03:43 IDT" name="AfterTest" finished-at="2022-08-12T19:03:43 IDT" duration-ms="0" status="PASS">
          <reporter-output>
          </reporter-output>
        </test-method> <!-- AfterTest -->
      </class> <!-- tests.HomePage -->
    </test> <!-- Default test -->
  </suite> <!-- Default suite -->
</testng-results>
